0 info it worked if it ends with ok
1 verbose cli [
1 verbose cli   '/Users/yingLin/.nvm/versions/node/v14.15.3/bin/node',
1 verbose cli   '/usr/local/bin/npm',
1 verbose cli   'install',
1 verbose cli   '-g',
1 verbose cli   'npm@latest'
1 verbose cli ]
2 info using npm@4.1.2
3 info using node@v14.15.3
4 silly loadCurrentTree Starting
5 silly install loadCurrentTree
6 silly install readGlobalPackageData
7 silly fetchPackageMetaData npm@latest
8 silly fetchNamedPackageData npm
9 silly mapToRegistry name npm
10 silly mapToRegistry using default registry
11 silly mapToRegistry registry https://registry.npmjs.org/
12 silly mapToRegistry data Result {
12 silly mapToRegistry   raw: 'npm',
12 silly mapToRegistry   scope: null,
12 silly mapToRegistry   escapedName: 'npm',
12 silly mapToRegistry   name: 'npm',
12 silly mapToRegistry   rawSpec: '',
12 silly mapToRegistry   spec: 'latest',
12 silly mapToRegistry   type: 'tag'
12 silly mapToRegistry }
13 silly mapToRegistry uri https://registry.npmjs.org/npm
14 verbose request uri https://registry.npmjs.org/npm
15 verbose request no auth needed
16 info attempt registry request try #1 at 5:43:35 PM
17 verbose request id af449e01909eac45
18 verbose etag W/"2f0f68c389b1938758a923a168097c90"
19 verbose lastModified Thu, 01 Dec 2022 17:05:37 GMT
20 http request GET https://registry.npmjs.org/npm
21 http 200 https://registry.npmjs.org/npm
22 verbose headers {
22 verbose headers   date: 'Sat, 19 Aug 2023 09:43:38 GMT',
22 verbose headers   'content-type': 'application/json',
22 verbose headers   'transfer-encoding': 'chunked',
22 verbose headers   connection: 'keep-alive',
22 verbose headers   'cf-ray': '7f91740b0b093325-TPE',
22 verbose headers   'cf-cache-status': 'REVALIDATED',
22 verbose headers   'access-control-allow-origin': '*',
22 verbose headers   'cache-control': 'public, max-age=300',
22 verbose headers   etag: 'W/"8c667a7c695b38f0fe103e2e7e66d9f4"',
22 verbose headers   'last-modified': 'Wed, 09 Aug 2023 16:58:26 GMT',
22 verbose headers   vary: 'accept-encoding, accept',
22 verbose headers   'x-amz-replication-status': 'FAILED',
22 verbose headers   'x-amz-server-side-encryption': 'AES256',
22 verbose headers   server: 'cloudflare',
22 verbose headers   'content-encoding': 'gzip'
22 verbose headers }
23 silly get cb [
23 silly get   200,
23 silly get   {
23 silly get     date: 'Sat, 19 Aug 2023 09:43:38 GMT',
23 silly get     'content-type': 'application/json',
23 silly get     'transfer-encoding': 'chunked',
23 silly get     connection: 'keep-alive',
23 silly get     'cf-ray': '7f91740b0b093325-TPE',
23 silly get     'cf-cache-status': 'REVALIDATED',
23 silly get     'access-control-allow-origin': '*',
23 silly get     'cache-control': 'public, max-age=300',
23 silly get     etag: 'W/"8c667a7c695b38f0fe103e2e7e66d9f4"',
23 silly get     'last-modified': 'Wed, 09 Aug 2023 16:58:26 GMT',
23 silly get     vary: 'accept-encoding, accept',
23 silly get     'x-amz-replication-status': 'FAILED',
23 silly get     'x-amz-server-side-encryption': 'AES256',
23 silly get     server: 'cloudflare',
23 silly get     'content-encoding': 'gzip'
23 silly get   }
23 silly get ]
24 verbose get saving npm to /Users/yingLin/.npm/registry.npmjs.org/npm/.cache.json
25 verbose correctMkdir /Users/yingLin/.npm correctMkdir not in flight; initializing
26 verbose stack TypeError: cb.apply is not a function
26 verbose stack     at /usr/local/lib/node_modules/npm/node_modules/graceful-fs/polyfills.js:287:18
26 verbose stack     at FSReqCallback.oncomplete (fs.js:184:5)
27 verbose cwd /Users/yingLin/ricemay
28 error Darwin 22.5.0
29 error argv "/Users/yingLin/.nvm/versions/node/v14.15.3/bin/node" "/usr/local/bin/npm" "install" "-g" "npm@latest"
30 error node v14.15.3
31 error npm  v4.1.2
32 error cb.apply is not a function
33 error If you need help, you may report this error at:
33 error     <https://github.com/npm/npm/issues>
34 verbose exit [ 1, true ]
